2024-10-24 14:20:43,497 - INFO - Library list refreshed
2024-10-24 14:20:43,576 - INFO - Application started
2024-10-24 14:21:00,385 - INFO - Running script: /Users/anonymous/Desktop/Leon-Yaakobov/Lost-X/X-Pythons/main.py
2024-10-24 14:21:00,815 - INFO - Library list refreshed
2024-10-24 14:21:00,885 - INFO - Application started
2024-10-24 14:21:07,329 - INFO - Application closed
2024-10-24 14:21:16,756 - INFO - Application closed
2024-10-24 14:22:45,046 - INFO - Library list refreshed
2024-10-24 14:22:45,280 - INFO - Application started
2024-10-24 14:23:25,669 - INFO - Updating Markdown...
2024-10-24 14:23:25,670 - INFO - Markdown updated successfully
2024-10-24 14:23:48,528 - INFO - Application closed
2024-10-24 14:23:51,685 - INFO - Library list refreshed
2024-10-24 14:23:51,913 - INFO - Application started
2024-10-24 14:24:05,152 - INFO - Application closed
2024-10-24 14:26:01,585 - INFO - Library list refreshed
2024-10-24 14:26:01,798 - INFO - Application started
2024-10-24 14:26:39,304 - INFO - Application closed
2024-10-24 14:31:33,597 - INFO - Created 'plugins' directory
2024-10-24 14:31:33,598 - INFO - No plugins found in 'plugins' directory
2024-10-24 14:31:33,630 - INFO - Application started
2024-10-24 14:31:36,716 - INFO - Library list refreshed
2024-10-24 14:31:36,727 - INFO - Library list refreshed
2024-10-24 14:31:36,738 - INFO - Library list refreshed
2024-10-24 14:31:36,749 - INFO - Library list refreshed
2024-10-24 14:31:36,758 - INFO - Library list refreshed
2024-10-24 14:31:36,769 - INFO - Library list refreshed
2024-10-24 14:31:36,778 - INFO - Library list refreshed
2024-10-24 14:31:36,789 - INFO - Library list refreshed
2024-10-24 14:31:36,799 - INFO - Library list refreshed
2024-10-24 14:31:36,810 - INFO - Library list refreshed
2024-10-24 14:31:36,821 - INFO - Library list refreshed
2024-10-24 14:31:36,831 - INFO - Library list refreshed
2024-10-24 14:31:36,842 - INFO - Library list refreshed
2024-10-24 14:31:36,852 - INFO - Library list refreshed
2024-10-24 14:31:36,862 - INFO - Library list refreshed
2024-10-24 14:31:36,872 - INFO - Library list refreshed
2024-10-24 14:31:36,882 - INFO - Library list refreshed
2024-10-24 14:31:36,892 - INFO - Library list refreshed
2024-10-24 14:31:36,902 - INFO - Library list refreshed
2024-10-24 14:31:36,912 - INFO - Library list refreshed
2024-10-24 14:31:36,922 - INFO - Library list refreshed
2024-10-24 14:31:36,932 - INFO - Library list refreshed
2024-10-24 14:31:36,942 - INFO - Library list refreshed
2024-10-24 14:31:36,952 - INFO - Library list refreshed
2024-10-24 14:31:36,961 - INFO - Library list refreshed
2024-10-24 14:31:36,971 - INFO - Library list refreshed
2024-10-24 14:31:36,981 - INFO - Library list refreshed
2024-10-24 14:31:36,991 - INFO - Library list refreshed
2024-10-24 14:31:37,001 - INFO - Library list refreshed
2024-10-24 14:31:37,011 - INFO - Library list refreshed
2024-10-24 14:31:37,022 - INFO - Library list refreshed
2024-10-24 14:31:37,031 - INFO - Library list refreshed
2024-10-24 14:31:37,041 - INFO - Library list refreshed
2024-10-24 14:31:37,051 - INFO - Library list refreshed
2024-10-24 14:31:37,060 - INFO - Library list refreshed
2024-10-24 14:31:37,070 - INFO - Library list refreshed
2024-10-24 14:31:37,079 - INFO - Library list refreshed
2024-10-24 14:31:37,088 - INFO - Library list refreshed
2024-10-24 14:31:37,098 - INFO - Library list refreshed
2024-10-24 14:31:37,107 - INFO - Library list refreshed
2024-10-24 14:31:37,117 - INFO - Library list refreshed
2024-10-24 14:31:37,127 - INFO - Library list refreshed
2024-10-24 14:31:37,137 - INFO - Library list refreshed
2024-10-24 14:31:37,147 - INFO - Library list refreshed
2024-10-24 14:31:37,156 - INFO - Library list refreshed
2024-10-24 14:31:37,167 - INFO - Library list refreshed
2024-10-24 14:31:37,176 - INFO - Library list refreshed
2024-10-24 14:31:37,187 - INFO - Library list refreshed
2024-10-24 14:31:37,196 - INFO - Library list refreshed
2024-10-24 14:31:37,207 - INFO - Library list refreshed
2024-10-24 14:31:37,216 - INFO - Library list refreshed
2024-10-24 14:31:37,228 - INFO - Library list refreshed
2024-10-24 14:31:37,239 - INFO - Library list refreshed
2024-10-24 14:31:37,250 - INFO - Library list refreshed
2024-10-24 14:31:37,260 - INFO - Library list refreshed
2024-10-24 14:31:37,272 - INFO - Library list refreshed
2024-10-24 14:31:37,283 - INFO - Library list refreshed
2024-10-24 14:31:37,293 - INFO - Library list refreshed
2024-10-24 14:31:37,304 - INFO - Library list refreshed
2024-10-24 14:31:37,315 - INFO - Library list refreshed
2024-10-24 14:31:37,325 - INFO - Library list refreshed
2024-10-24 14:31:37,337 - INFO - Library list refreshed
2024-10-24 14:31:37,348 - INFO - Library list refreshed
2024-10-24 14:31:37,358 - INFO - Library list refreshed
2024-10-24 14:31:37,369 - INFO - Library list refreshed
2024-10-24 14:31:37,380 - INFO - Library list refreshed
2024-10-24 14:31:37,391 - INFO - Library list refreshed
2024-10-24 14:31:37,402 - INFO - Library list refreshed
2024-10-24 14:31:37,413 - INFO - Library list refreshed
2024-10-24 14:31:37,423 - INFO - Library list refreshed
2024-10-24 14:31:37,434 - INFO - Library list refreshed
2024-10-24 14:31:37,444 - INFO - Library list refreshed
2024-10-24 14:31:37,455 - INFO - Library list refreshed
2024-10-24 14:31:37,467 - INFO - Library list refreshed
2024-10-24 14:31:37,477 - INFO - Library list refreshed
2024-10-24 14:31:37,488 - INFO - Library list refreshed
2024-10-24 14:31:37,500 - INFO - Library list refreshed
2024-10-24 14:31:37,510 - INFO - Library list refreshed
2024-10-24 14:31:37,521 - INFO - Library list refreshed
2024-10-24 14:31:37,533 - INFO - Library list refreshed
2024-10-24 14:31:37,544 - INFO - Library list refreshed
2024-10-24 14:31:37,556 - INFO - Library list refreshed
2024-10-24 14:31:37,567 - INFO - Library list refreshed
2024-10-24 14:31:37,578 - INFO - Library list refreshed
2024-10-24 14:31:37,589 - INFO - Library list refreshed
2024-10-24 14:31:37,600 - INFO - Library list refreshed
2024-10-24 14:31:37,611 - INFO - Library list refreshed
2024-10-24 14:31:37,622 - INFO - Library list refreshed
2024-10-24 14:31:37,633 - INFO - Library list refreshed
2024-10-24 14:31:37,643 - INFO - Library list refreshed
2024-10-24 14:31:37,654 - INFO - Library list refreshed
2024-10-24 14:31:37,666 - INFO - Library list refreshed
2024-10-24 14:31:37,676 - INFO - Library list refreshed
2024-10-24 14:31:37,687 - INFO - Library list refreshed
2024-10-24 14:31:37,697 - INFO - Library list refreshed
2024-10-24 14:31:37,707 - INFO - Library list refreshed
2024-10-24 14:31:37,718 - INFO - Library list refreshed
2024-10-24 14:31:37,728 - INFO - Library list refreshed
2024-10-24 14:31:37,741 - INFO - Library list refreshed
2024-10-24 14:31:37,752 - INFO - Library list refreshed
2024-10-24 14:31:37,762 - INFO - Library list refreshed
2024-10-24 14:31:37,773 - INFO - Library list refreshed
2024-10-24 14:31:37,783 - INFO - Library list refreshed
2024-10-24 14:31:37,793 - INFO - Library list refreshed
2024-10-24 14:31:37,804 - INFO - Library list refreshed
2024-10-24 14:31:37,815 - INFO - Library list refreshed
2024-10-24 14:31:37,825 - INFO - Library list refreshed
2024-10-24 14:31:37,836 - INFO - Library list refreshed
2024-10-24 14:31:37,847 - INFO - Library list refreshed
2024-10-24 14:31:37,857 - INFO - Library list refreshed
2024-10-24 14:31:37,868 - INFO - Library list refreshed
2024-10-24 14:31:37,878 - INFO - Library list refreshed
2024-10-24 14:31:37,889 - INFO - Library list refreshed
2024-10-24 14:31:37,900 - INFO - Library list refreshed
2024-10-24 14:31:37,910 - INFO - Library list refreshed
2024-10-24 14:31:37,921 - INFO - Library list refreshed
2024-10-24 14:31:37,932 - INFO - Library list refreshed
2024-10-24 14:31:37,942 - INFO - Library list refreshed
2024-10-24 14:31:37,953 - INFO - Library list refreshed
2024-10-24 14:31:37,964 - INFO - Library list refreshed
2024-10-24 14:31:37,974 - INFO - Library list refreshed
2024-10-24 14:31:37,985 - INFO - Library list refreshed
2024-10-24 14:31:37,995 - INFO - Library list refreshed
2024-10-24 14:31:38,006 - INFO - Library list refreshed
2024-10-24 14:31:38,017 - INFO - Library list refreshed
2024-10-24 14:31:38,026 - INFO - Library list refreshed
2024-10-24 14:31:38,038 - INFO - Library list refreshed
2024-10-24 14:31:38,048 - INFO - Library list refreshed
2024-10-24 14:31:38,058 - INFO - Library list refreshed
2024-10-24 14:31:38,068 - INFO - Library list refreshed
2024-10-24 14:31:38,078 - INFO - Library list refreshed
2024-10-24 14:31:38,088 - INFO - Library list refreshed
2024-10-24 14:31:38,098 - INFO - Library list refreshed
2024-10-24 14:31:38,108 - INFO - Library list refreshed
2024-10-24 14:31:38,118 - INFO - Library list refreshed
2024-10-24 14:31:38,129 - INFO - Library list refreshed
2024-10-24 14:31:38,138 - INFO - Library list refreshed
2024-10-24 14:31:38,149 - INFO - Library list refreshed
2024-10-24 14:31:38,159 - INFO - Library list refreshed
2024-10-24 14:31:38,169 - INFO - Library list refreshed
2024-10-24 14:31:38,178 - INFO - Library list refreshed
2024-10-24 14:31:38,188 - INFO - Library list refreshed
2024-10-24 14:31:38,198 - INFO - Library list refreshed
2024-10-24 14:31:38,208 - INFO - Library list refreshed
2024-10-24 14:31:38,218 - INFO - Library list refreshed
2024-10-24 14:31:38,228 - INFO - Library list refreshed
2024-10-24 14:31:38,238 - INFO - Library list refreshed
2024-10-24 14:31:38,248 - INFO - Library list refreshed
2024-10-24 14:31:38,258 - INFO - Library list refreshed
2024-10-24 14:31:38,268 - INFO - Library list refreshed
2024-10-24 14:31:38,278 - INFO - Library list refreshed
2024-10-24 14:31:38,288 - INFO - Library list refreshed
2024-10-24 14:31:38,298 - INFO - Library list refreshed
2024-10-24 14:31:38,308 - INFO - Library list refreshed
2024-10-24 14:31:38,318 - INFO - Library list refreshed
2024-10-24 14:31:38,333 - INFO - Library list refreshed
2024-10-24 14:31:38,347 - INFO - Library list refreshed
2024-10-24 14:31:38,359 - INFO - Library list refreshed
2024-10-24 14:31:38,369 - INFO - Library list refreshed
2024-10-24 14:31:38,380 - INFO - Library list refreshed
2024-10-24 14:31:38,391 - INFO - Library list refreshed
2024-10-24 14:31:38,401 - INFO - Library list refreshed
2024-10-24 14:31:38,413 - INFO - Library list refreshed
2024-10-24 14:31:38,424 - INFO - Library list refreshed
2024-10-24 14:31:38,434 - INFO - Library list refreshed
2024-10-24 14:31:38,444 - INFO - Library list refreshed
2024-10-24 14:31:38,454 - INFO - Library list refreshed
2024-10-24 14:31:38,464 - INFO - Library list refreshed
2024-10-24 14:31:38,473 - INFO - Library list refreshed
2024-10-24 14:31:38,483 - INFO - Library list refreshed
2024-10-24 14:31:38,494 - INFO - Library list refreshed
2024-10-24 14:31:38,504 - INFO - Library list refreshed
2024-10-24 14:31:38,515 - INFO - Library list refreshed
2024-10-24 14:31:38,525 - INFO - Library list refreshed
2024-10-24 14:31:38,535 - INFO - Library list refreshed
2024-10-24 14:31:38,545 - INFO - Library list refreshed
2024-10-24 14:31:38,555 - INFO - Library list refreshed
2024-10-24 14:31:38,566 - INFO - Library list refreshed
2024-10-24 14:31:38,578 - INFO - Library list refreshed
2024-10-24 14:31:38,587 - INFO - Library list refreshed
2024-10-24 14:31:38,598 - INFO - Library list refreshed
2024-10-24 14:31:38,608 - INFO - Library list refreshed
2024-10-24 14:31:38,618 - INFO - Library list refreshed
2024-10-24 14:31:38,629 - INFO - Library list refreshed
2024-10-24 14:31:38,640 - INFO - Library list refreshed
2024-10-24 14:31:38,651 - INFO - Library list refreshed
2024-10-24 14:31:38,661 - INFO - Library list refreshed
2024-10-24 14:31:38,671 - INFO - Library list refreshed
2024-10-24 14:31:38,682 - INFO - Library list refreshed
2024-10-24 14:31:38,692 - INFO - Library list refreshed
2024-10-24 14:31:38,702 - INFO - Library list refreshed
2024-10-24 14:31:38,711 - INFO - Library list refreshed
2024-10-24 14:31:38,721 - INFO - Library list refreshed
2024-10-24 14:31:38,731 - INFO - Library list refreshed
2024-10-24 14:31:38,741 - INFO - Library list refreshed
2024-10-24 14:31:38,751 - INFO - Library list refreshed
2024-10-24 14:31:38,761 - INFO - Library list refreshed
2024-10-24 14:31:38,771 - INFO - Library list refreshed
2024-10-24 14:31:38,781 - INFO - Library list refreshed
2024-10-24 14:31:38,790 - INFO - Library list refreshed
2024-10-24 14:31:38,800 - INFO - Library list refreshed
2024-10-24 14:31:38,810 - INFO - Library list refreshed
2024-10-24 14:31:38,820 - INFO - Library list refreshed
2024-10-24 14:31:38,830 - INFO - Library list refreshed
2024-10-24 14:31:38,840 - INFO - Library list refreshed
2024-10-24 14:31:38,850 - INFO - Library list refreshed
2024-10-24 14:31:38,860 - INFO - Library list refreshed
2024-10-24 14:31:38,870 - INFO - Library list refreshed
2024-10-24 14:31:38,880 - INFO - Library list refreshed
2024-10-24 14:31:38,891 - INFO - Library list refreshed
2024-10-24 14:31:38,901 - INFO - Library list refreshed
2024-10-24 14:31:38,912 - INFO - Library list refreshed
2024-10-24 14:31:38,923 - INFO - Library list refreshed
2024-10-24 14:31:38,933 - INFO - Library list refreshed
2024-10-24 14:31:38,942 - INFO - Library list refreshed
2024-10-24 14:31:38,953 - INFO - Library list refreshed
2024-10-24 14:31:38,963 - INFO - Library list refreshed
2024-10-24 14:31:38,973 - INFO - Library list refreshed
2024-10-24 14:31:38,983 - INFO - Library list refreshed
2024-10-24 14:31:38,992 - INFO - Library list refreshed
2024-10-24 14:31:39,003 - INFO - Library list refreshed
2024-10-24 14:31:39,014 - INFO - Library list refreshed
2024-10-24 14:31:39,024 - INFO - Library list refreshed
2024-10-24 14:31:39,034 - INFO - Library list refreshed
2024-10-24 14:31:39,044 - INFO - Library list refreshed
2024-10-24 14:31:39,055 - INFO - Library list refreshed
2024-10-24 14:31:39,065 - INFO - Library list refreshed
2024-10-24 14:31:39,075 - INFO - Library list refreshed
2024-10-24 14:31:39,085 - INFO - Library list refreshed
2024-10-24 14:31:39,096 - INFO - Library list refreshed
2024-10-24 14:31:39,106 - INFO - Library list refreshed
2024-10-24 14:31:39,116 - INFO - Library list refreshed
2024-10-24 14:31:39,126 - INFO - Library list refreshed
2024-10-24 14:31:39,137 - INFO - Library list refreshed
2024-10-24 14:31:39,148 - INFO - Library list refreshed
2024-10-24 14:31:39,159 - INFO - Library list refreshed
2024-10-24 14:31:39,169 - INFO - Library list refreshed
2024-10-24 14:31:39,179 - INFO - Library list refreshed
2024-10-24 14:31:39,189 - INFO - Library list refreshed
2024-10-24 14:31:39,199 - INFO - Library list refreshed
2024-10-24 14:31:39,209 - INFO - Library list refreshed
2024-10-24 14:31:39,219 - INFO - Library list refreshed
2024-10-24 14:31:39,229 - INFO - Library list refreshed
2024-10-24 14:31:39,238 - INFO - Library list refreshed
2024-10-24 14:31:39,248 - INFO - Library list refreshed
2024-10-24 14:31:39,258 - INFO - Library list refreshed
2024-10-24 14:31:39,267 - INFO - Library list refreshed
2024-10-24 14:31:39,278 - INFO - Library list refreshed
2024-10-24 14:31:39,288 - INFO - Library list refreshed
2024-10-24 14:31:39,297 - INFO - Library list refreshed
2024-10-24 14:31:39,307 - INFO - Library list refreshed
2024-10-24 14:31:39,317 - INFO - Library list refreshed
2024-10-24 14:31:39,327 - INFO - Library list refreshed
2024-10-24 14:31:39,336 - INFO - Library list refreshed
2024-10-24 14:31:39,346 - INFO - Library list refreshed
2024-10-24 14:31:39,355 - INFO - Library list refreshed
2024-10-24 14:31:39,365 - INFO - Library list refreshed
2024-10-24 14:31:39,375 - INFO - Library list refreshed
2024-10-24 14:31:39,384 - INFO - Library list refreshed
2024-10-24 14:31:39,394 - INFO - Library list refreshed
2024-10-24 14:31:39,403 - INFO - Library list refreshed
2024-10-24 14:31:39,412 - INFO - Library list refreshed
2024-10-24 14:31:39,422 - INFO - Library list refreshed
2024-10-24 14:31:39,431 - INFO - Library list refreshed
2024-10-24 14:31:39,441 - INFO - Library list refreshed
2024-10-24 14:31:39,451 - INFO - Library list refreshed
2024-10-24 14:31:39,462 - INFO - Library list refreshed
2024-10-24 14:31:39,472 - INFO - Library list refreshed
2024-10-24 14:31:39,482 - INFO - Library list refreshed
2024-10-24 14:31:39,492 - INFO - Library list refreshed
2024-10-24 14:31:39,503 - INFO - Library list refreshed
2024-10-24 14:31:39,514 - INFO - Library list refreshed
2024-10-24 14:31:39,525 - INFO - Library list refreshed
2024-10-24 14:31:39,535 - INFO - Library list refreshed
2024-10-24 14:31:39,546 - INFO - Library list refreshed
2024-10-24 14:31:39,556 - INFO - Library list refreshed
2024-10-24 14:31:39,567 - INFO - Library list refreshed
2024-10-24 14:31:39,577 - INFO - Library list refreshed
2024-10-24 14:31:39,587 - INFO - Library list refreshed
2024-10-24 14:31:39,598 - INFO - Library list refreshed
2024-10-24 14:31:39,608 - INFO - Library list refreshed
2024-10-24 14:31:39,619 - INFO - Library list refreshed
2024-10-24 14:31:39,630 - INFO - Library list refreshed
2024-10-24 14:31:39,641 - INFO - Library list refreshed
2024-10-24 14:31:39,651 - INFO - Library list refreshed
2024-10-24 14:31:39,661 - INFO - Library list refreshed
2024-10-24 14:31:39,672 - INFO - Library list refreshed
2024-10-24 14:31:39,682 - INFO - Library list refreshed
2024-10-24 14:31:39,692 - INFO - Library list refreshed
2024-10-24 14:31:39,703 - INFO - Library list refreshed
2024-10-24 14:31:39,714 - INFO - Library list refreshed
2024-10-24 14:31:39,724 - INFO - Library list refreshed
2024-10-24 14:31:39,734 - INFO - Library list refreshed
2024-10-24 14:31:39,744 - INFO - Library list refreshed
2024-10-24 14:31:39,754 - INFO - Library list refreshed
2024-10-24 14:31:39,764 - INFO - Library list refreshed
2024-10-24 14:31:39,774 - INFO - Library list refreshed
2024-10-24 14:31:39,784 - INFO - Library list refreshed
2024-10-24 14:31:39,794 - INFO - Library list refreshed
2024-10-24 14:31:39,804 - INFO - Library list refreshed
2024-10-24 14:31:39,815 - INFO - Library list refreshed
2024-10-24 14:31:39,825 - INFO - Library list refreshed
2024-10-24 14:31:39,836 - INFO - Library list refreshed
2024-10-24 14:31:39,846 - INFO - Library list refreshed
2024-10-24 14:31:39,856 - INFO - Library list refreshed
2024-10-24 14:31:39,866 - INFO - Library list refreshed
2024-10-24 14:31:39,876 - INFO - Library list refreshed
2024-10-24 14:31:39,886 - INFO - Library list refreshed
2024-10-24 14:31:39,896 - INFO - Library list refreshed
2024-10-24 14:31:39,906 - INFO - Library list refreshed
2024-10-24 14:31:39,916 - INFO - Library list refreshed
2024-10-24 14:31:39,927 - INFO - Library list refreshed
2024-10-24 14:31:39,937 - INFO - Library list refreshed
2024-10-24 14:31:39,947 - INFO - Library list refreshed
2024-10-24 14:31:39,957 - INFO - Library list refreshed
2024-10-24 14:31:39,967 - INFO - Library list refreshed
2024-10-24 14:31:39,977 - INFO - Library list refreshed
2024-10-24 14:31:39,987 - INFO - Library list refreshed
2024-10-24 14:31:39,997 - INFO - Library list refreshed
2024-10-24 14:31:40,007 - INFO - Library list refreshed
2024-10-24 14:31:40,017 - INFO - Library list refreshed
2024-10-24 14:31:40,027 - INFO - Library list refreshed
2024-10-24 14:31:40,037 - INFO - Library list refreshed
2024-10-24 14:31:40,047 - INFO - Library list refreshed
2024-10-24 14:31:40,059 - INFO - Library list refreshed
2024-10-24 14:31:40,069 - INFO - Library list refreshed
2024-10-24 14:31:40,079 - INFO - Library list refreshed
2024-10-24 14:31:40,089 - INFO - Library list refreshed
2024-10-24 14:31:40,099 - INFO - Library list refreshed
2024-10-24 14:31:40,109 - INFO - Library list refreshed
2024-10-24 14:31:40,119 - INFO - Library list refreshed
2024-10-24 14:31:40,128 - INFO - Library list refreshed
2024-10-24 14:31:40,138 - INFO - Library list refreshed
2024-10-24 14:31:40,148 - INFO - Library list refreshed
2024-10-24 14:31:40,158 - INFO - Library list refreshed
2024-10-24 14:31:40,168 - INFO - Library list refreshed
2024-10-24 14:31:40,178 - INFO - Library list refreshed
2024-10-24 14:31:40,188 - INFO - Library list refreshed
2024-10-24 14:31:40,198 - INFO - Library list refreshed
2024-10-24 14:31:40,208 - INFO - Library list refreshed
2024-10-24 14:31:40,218 - INFO - Library list refreshed
2024-10-24 14:31:40,227 - INFO - Library list refreshed
2024-10-24 14:31:40,237 - INFO - Library list refreshed
2024-10-24 14:31:40,247 - INFO - Library list refreshed
2024-10-24 14:31:40,257 - INFO - Library list refreshed
2024-10-24 14:31:40,267 - INFO - Library list refreshed
2024-10-24 14:31:40,279 - INFO - Library list refreshed
2024-10-24 14:31:40,289 - INFO - Library list refreshed
2024-10-24 14:31:40,303 - INFO - Library list refreshed
2024-10-24 14:31:40,314 - INFO - Library list refreshed
2024-10-24 14:31:40,325 - INFO - Library list refreshed
2024-10-24 14:31:40,336 - INFO - Library list refreshed
2024-10-24 14:31:40,347 - INFO - Library list refreshed
2024-10-24 14:31:40,359 - INFO - Library list refreshed
2024-10-24 14:31:40,369 - INFO - Library list refreshed
2024-10-24 14:31:40,380 - INFO - Library list refreshed
2024-10-24 14:31:40,390 - INFO - Library list refreshed
2024-10-24 14:31:40,400 - INFO - Library list refreshed
2024-10-24 14:31:40,410 - INFO - Library list refreshed
2024-10-24 14:31:40,420 - INFO - Library list refreshed
2024-10-24 14:31:40,430 - INFO - Library list refreshed
2024-10-24 14:31:40,440 - INFO - Library list refreshed
2024-10-24 14:31:40,450 - INFO - Library list refreshed
2024-10-24 14:31:40,460 - INFO - Library list refreshed
2024-10-24 14:31:40,469 - INFO - Library list refreshed
2024-10-24 14:31:40,479 - INFO - Library list refreshed
2024-10-24 14:31:40,489 - INFO - Library list refreshed
2024-10-24 14:31:40,499 - INFO - Library list refreshed
2024-10-24 14:31:40,509 - INFO - Library list refreshed
2024-10-24 14:31:40,519 - INFO - Library list refreshed
2024-10-24 14:31:40,529 - INFO - Library list refreshed
2024-10-24 14:31:40,539 - INFO - Library list refreshed
2024-10-24 14:31:40,549 - INFO - Library list refreshed
2024-10-24 14:31:40,559 - INFO - Library list refreshed
2024-10-24 14:31:40,569 - INFO - Library list refreshed
2024-10-24 14:31:40,580 - INFO - Library list refreshed
2024-10-24 14:31:40,590 - INFO - Library list refreshed
2024-10-24 14:31:40,600 - INFO - Library list refreshed
2024-10-24 14:31:40,610 - INFO - Library list refreshed
2024-10-24 14:31:40,619 - INFO - Library list refreshed
2024-10-24 14:31:40,629 - INFO - Library list refreshed
2024-10-24 14:31:40,639 - INFO - Library list refreshed
2024-10-24 14:31:40,649 - INFO - Library list refreshed
2024-10-24 14:31:40,659 - INFO - Library list refreshed
2024-10-24 14:31:40,669 - INFO - Library list refreshed
2024-10-24 14:31:40,679 - INFO - Library list refreshed
2024-10-24 14:31:40,689 - INFO - Library list refreshed
2024-10-24 14:31:40,699 - INFO - Library list refreshed
2024-10-24 14:31:40,709 - INFO - Library list refreshed
2024-10-24 14:31:40,718 - INFO - Library list refreshed
2024-10-24 14:31:40,728 - INFO - Library list refreshed
2024-10-24 14:31:40,738 - INFO - Library list refreshed
2024-10-24 14:31:40,748 - INFO - Library list refreshed
2024-10-24 14:31:40,758 - INFO - Library list refreshed
2024-10-24 14:31:40,768 - INFO - Library list refreshed
2024-10-24 14:31:40,778 - INFO - Library list refreshed
2024-10-24 14:31:40,788 - INFO - Library list refreshed
2024-10-24 14:31:40,798 - INFO - Library list refreshed
2024-10-24 14:31:40,808 - INFO - Library list refreshed
2024-10-24 14:31:40,818 - INFO - Library list refreshed
2024-10-24 14:31:40,828 - INFO - Library list refreshed
2024-10-24 14:31:40,838 - INFO - Library list refreshed
2024-10-24 14:31:40,848 - INFO - Library list refreshed
2024-10-24 14:31:40,858 - INFO - Library list refreshed
2024-10-24 14:31:40,868 - INFO - Library list refreshed
2024-10-24 14:31:40,878 - INFO - Library list refreshed
2024-10-24 14:31:40,888 - INFO - Library list refreshed
2024-10-24 14:31:40,898 - INFO - Library list refreshed
2024-10-24 14:31:40,909 - INFO - Library list refreshed
2024-10-24 14:31:40,918 - INFO - Library list refreshed
2024-10-24 14:31:40,928 - INFO - Library list refreshed
2024-10-24 14:31:40,938 - INFO - Library list refreshed
2024-10-24 14:31:40,948 - INFO - Library list refreshed
2024-10-24 14:31:40,958 - INFO - Library list refreshed
2024-10-24 14:31:40,968 - INFO - Library list refreshed
2024-10-24 14:31:40,978 - INFO - Library list refreshed
2024-10-24 14:31:40,988 - INFO - Library list refreshed
2024-10-24 14:31:40,998 - INFO - Library list refreshed
2024-10-24 14:31:41,009 - INFO - Library list refreshed
2024-10-24 14:31:41,019 - INFO - Library list refreshed
2024-10-24 14:31:41,029 - INFO - Library list refreshed
2024-10-24 14:31:41,040 - INFO - Library list refreshed
2024-10-24 14:31:41,050 - INFO - Library list refreshed
2024-10-24 14:31:41,060 - INFO - Library list refreshed
2024-10-24 14:31:41,070 - INFO - Library list refreshed
2024-10-24 14:31:41,080 - INFO - Library list refreshed
2024-10-24 14:31:41,091 - INFO - Library list refreshed
2024-10-24 14:31:41,100 - INFO - Library list refreshed
2024-10-24 14:31:41,110 - INFO - Library list refreshed
2024-10-24 14:31:41,121 - INFO - Library list refreshed
2024-10-24 14:31:41,131 - INFO - Library list refreshed
2024-10-24 14:31:41,141 - INFO - Library list refreshed
2024-10-24 14:31:41,151 - INFO - Library list refreshed
2024-10-24 14:31:41,161 - INFO - Library list refreshed
2024-10-24 14:31:41,172 - INFO - Library list refreshed
2024-10-24 14:31:41,181 - INFO - Library list refreshed
2024-10-24 14:31:41,191 - INFO - Library list refreshed
2024-10-24 14:31:41,204 - INFO - Library list refreshed
2024-10-24 14:31:41,214 - INFO - Library list refreshed
2024-10-24 14:31:41,224 - INFO - Library list refreshed
2024-10-24 14:31:41,234 - INFO - Library list refreshed
2024-10-24 14:31:41,244 - INFO - Library list refreshed
2024-10-24 14:31:41,254 - INFO - Library list refreshed
2024-10-24 14:31:41,264 - INFO - Library list refreshed
2024-10-24 14:31:41,275 - INFO - Library list refreshed
2024-10-24 14:31:41,286 - INFO - Library list refreshed
2024-10-24 14:31:41,297 - INFO - Library list refreshed
2024-10-24 14:31:41,307 - INFO - Library list refreshed
2024-10-24 14:31:41,317 - INFO - Library list refreshed
2024-10-24 14:31:41,328 - INFO - Library list refreshed
2024-10-24 14:31:41,338 - INFO - Library list refreshed
2024-10-24 14:31:41,349 - INFO - Library list refreshed
2024-10-24 14:31:41,360 - INFO - Library list refreshed
2024-10-24 14:31:41,370 - INFO - Library list refreshed
2024-10-24 14:31:41,380 - INFO - Library list refreshed
2024-10-24 14:31:41,390 - INFO - Library list refreshed
2024-10-24 14:31:41,400 - INFO - Library list refreshed
2024-10-24 14:31:41,411 - INFO - Library list refreshed
2024-10-24 14:31:41,422 - INFO - Library list refreshed
2024-10-24 14:31:41,432 - INFO - Library list refreshed
2024-10-24 14:31:41,443 - INFO - Library list refreshed
2024-10-24 14:31:41,454 - INFO - Library list refreshed
2024-10-24 14:31:41,465 - INFO - Library list refreshed
2024-10-24 14:31:41,477 - INFO - Library list refreshed
2024-10-24 14:31:41,488 - INFO - Library list refreshed
2024-10-24 14:31:41,499 - INFO - Library list refreshed
2024-10-24 14:31:41,510 - INFO - Library list refreshed
2024-10-24 14:31:41,522 - INFO - Library list refreshed
2024-10-24 14:31:41,533 - INFO - Library list refreshed
2024-10-24 14:31:41,544 - INFO - Library list refreshed
2024-10-24 14:31:41,555 - INFO - Library list refreshed
2024-10-24 14:31:41,566 - INFO - Library list refreshed
2024-10-24 14:31:41,577 - INFO - Library list refreshed
2024-10-24 14:31:41,588 - INFO - Library list refreshed
2024-10-24 14:31:41,600 - INFO - Library list refreshed
2024-10-24 14:31:41,611 - INFO - Library list refreshed
2024-10-24 14:31:41,622 - INFO - Library list refreshed
2024-10-24 14:31:41,633 - INFO - Library list refreshed
2024-10-24 14:31:41,645 - INFO - Library list refreshed
2024-10-24 14:31:41,656 - INFO - Library list refreshed
2024-10-24 14:31:41,666 - INFO - Library list refreshed
2024-10-24 14:32:24,220 - INFO - No plugins found in 'plugins' directory
2024-10-24 14:32:24,252 - INFO - Application started
2024-10-24 14:32:26,861 - INFO - Library list refreshed
2024-10-24 14:32:26,872 - INFO - Library list refreshed
2024-10-24 14:32:26,883 - INFO - Library list refreshed
2024-10-24 14:32:26,892 - INFO - Library list refreshed
2024-10-24 14:32:26,904 - INFO - Library list refreshed
2024-10-24 14:32:26,915 - INFO - Library list refreshed
2024-10-24 14:32:26,924 - INFO - Library list refreshed
2024-10-24 14:32:26,934 - INFO - Library list refreshed
2024-10-24 14:32:26,945 - INFO - Library list refreshed
2024-10-24 14:32:26,955 - INFO - Library list refreshed
2024-10-24 14:32:26,965 - INFO - Library list refreshed
2024-10-24 14:32:26,976 - INFO - Library list refreshed
2024-10-24 14:32:26,986 - INFO - Library list refreshed
2024-10-24 14:32:26,996 - INFO - Library list refreshed
2024-10-24 14:32:27,007 - INFO - Library list refreshed
2024-10-24 14:32:27,018 - INFO - Library list refreshed
2024-10-24 14:32:27,028 - INFO - Library list refreshed
2024-10-24 14:32:27,038 - INFO - Library list refreshed
2024-10-24 14:32:27,047 - INFO - Library list refreshed
2024-10-24 14:32:27,058 - INFO - Library list refreshed
2024-10-24 14:32:27,068 - INFO - Library list refreshed
2024-10-24 14:32:27,078 - INFO - Library list refreshed
2024-10-24 14:32:27,088 - INFO - Library list refreshed
2024-10-24 14:32:27,097 - INFO - Library list refreshed
2024-10-24 14:32:27,108 - INFO - Library list refreshed
2024-10-24 14:32:27,117 - INFO - Library list refreshed
2024-10-24 14:32:27,127 - INFO - Library list refreshed
2024-10-24 14:32:27,137 - INFO - Library list refreshed
2024-10-24 14:32:27,147 - INFO - Library list refreshed
2024-10-24 14:32:27,157 - INFO - Library list refreshed
2024-10-24 14:32:27,166 - INFO - Library list refreshed
2024-10-24 14:32:27,176 - INFO - Library list refreshed
2024-10-24 14:32:27,186 - INFO - Library list refreshed
2024-10-24 14:32:27,197 - INFO - Library list refreshed
2024-10-24 14:32:27,206 - INFO - Library list refreshed
2024-10-24 14:32:27,216 - INFO - Library list refreshed
2024-10-24 14:32:27,226 - INFO - Library list refreshed
2024-10-24 14:32:27,236 - INFO - Library list refreshed
2024-10-24 14:32:27,246 - INFO - Library list refreshed
2024-10-24 14:32:27,256 - INFO - Library list refreshed
2024-10-24 14:32:27,266 - INFO - Library list refreshed
2024-10-24 14:32:27,277 - INFO - Library list refreshed
2024-10-24 14:32:27,287 - INFO - Library list refreshed
2024-10-24 14:32:27,297 - INFO - Library list refreshed
2024-10-24 14:32:27,307 - INFO - Library list refreshed
2024-10-24 14:32:27,317 - INFO - Library list refreshed
2024-10-24 14:32:27,327 - INFO - Library list refreshed
2024-10-24 14:32:27,336 - INFO - Library list refreshed
2024-10-24 14:32:27,346 - INFO - Library list refreshed
2024-10-24 14:32:27,356 - INFO - Library list refreshed
2024-10-24 14:32:27,366 - INFO - Library list refreshed
2024-10-24 14:32:27,376 - INFO - Library list refreshed
2024-10-24 14:32:27,387 - INFO - Library list refreshed
2024-10-24 14:32:27,397 - INFO - Library list refreshed
2024-10-24 14:32:27,408 - INFO - Library list refreshed
2024-10-24 14:32:27,418 - INFO - Library list refreshed
2024-10-24 14:32:27,428 - INFO - Library list refreshed
2024-10-24 14:32:27,439 - INFO - Library list refreshed
2024-10-24 14:32:27,449 - INFO - Library list refreshed
2024-10-24 14:32:27,459 - INFO - Library list refreshed
2024-10-24 14:32:27,469 - INFO - Library list refreshed
2024-10-24 14:32:27,480 - INFO - Library list refreshed
2024-10-24 14:32:27,490 - INFO - Library list refreshed
2024-10-24 14:32:27,501 - INFO - Library list refreshed
2024-10-24 14:32:27,511 - INFO - Library list refreshed
2024-10-24 14:32:27,521 - INFO - Library list refreshed
2024-10-24 14:32:27,531 - INFO - Library list refreshed
2024-10-24 14:32:27,543 - INFO - Library list refreshed
2024-10-24 14:32:27,554 - INFO - Library list refreshed
2024-10-24 14:32:27,565 - INFO - Library list refreshed
2024-10-24 14:32:27,575 - INFO - Library list refreshed
2024-10-24 14:32:27,586 - INFO - Library list refreshed
2024-10-24 14:32:27,596 - INFO - Library list refreshed
2024-10-24 14:32:27,607 - INFO - Library list refreshed
2024-10-24 14:32:27,618 - INFO - Library list refreshed
2024-10-24 14:32:27,629 - INFO - Library list refreshed
2024-10-24 14:32:27,639 - INFO - Library list refreshed
2024-10-24 14:32:27,649 - INFO - Library list refreshed
2024-10-24 14:32:27,659 - INFO - Library list refreshed
2024-10-24 14:32:27,670 - INFO - Library list refreshed
2024-10-24 14:32:27,681 - INFO - Library list refreshed
2024-10-24 14:32:27,692 - INFO - Library list refreshed
2024-10-24 14:32:27,702 - INFO - Library list refreshed
2024-10-24 14:32:27,713 - INFO - Library list refreshed
2024-10-24 14:32:27,723 - INFO - Library list refreshed
2024-10-24 14:32:27,734 - INFO - Library list refreshed
2024-10-24 14:32:27,744 - INFO - Library list refreshed
2024-10-24 14:32:27,755 - INFO - Library list refreshed
2024-10-24 14:32:27,765 - INFO - Library list refreshed
2024-10-24 14:32:27,775 - INFO - Library list refreshed
2024-10-24 14:32:27,785 - INFO - Library list refreshed
2024-10-24 14:32:27,796 - INFO - Library list refreshed
2024-10-24 14:32:27,806 - INFO - Library list refreshed
2024-10-24 14:32:27,816 - INFO - Library list refreshed
2024-10-24 14:32:27,826 - INFO - Library list refreshed
2024-10-24 14:32:27,837 - INFO - Library list refreshed
2024-10-24 14:32:27,847 - INFO - Library list refreshed
2024-10-24 14:32:27,857 - INFO - Library list refreshed
2024-10-24 14:32:27,868 - INFO - Library list refreshed
2024-10-24 14:32:27,878 - INFO - Library list refreshed
2024-10-24 14:32:27,888 - INFO - Library list refreshed
2024-10-24 14:32:27,898 - INFO - Library list refreshed
2024-10-24 14:32:27,908 - INFO - Library list refreshed
2024-10-24 14:32:27,918 - INFO - Library list refreshed
2024-10-24 14:32:27,928 - INFO - Library list refreshed
2024-10-24 14:32:27,938 - INFO - Library list refreshed
2024-10-24 14:32:27,948 - INFO - Library list refreshed
2024-10-24 14:32:27,958 - INFO - Library list refreshed
2024-10-24 14:32:27,968 - INFO - Library list refreshed
2024-10-24 14:32:27,978 - INFO - Library list refreshed
2024-10-24 14:32:27,988 - INFO - Library list refreshed
2024-10-24 14:32:27,998 - INFO - Library list refreshed
2024-10-24 14:32:28,008 - INFO - Library list refreshed
2024-10-24 14:32:28,018 - INFO - Library list refreshed
2024-10-24 14:32:28,028 - INFO - Library list refreshed
2024-10-24 14:32:28,039 - INFO - Library list refreshed
2024-10-24 14:32:28,049 - INFO - Library list refreshed
2024-10-24 14:32:28,059 - INFO - Library list refreshed
2024-10-24 14:32:28,069 - INFO - Library list refreshed
2024-10-24 14:32:28,079 - INFO - Library list refreshed
2024-10-24 14:32:28,089 - INFO - Library list refreshed
2024-10-24 14:32:28,099 - INFO - Library list refreshed
2024-10-24 14:32:28,109 - INFO - Library list refreshed
2024-10-24 14:32:28,119 - INFO - Library list refreshed
2024-10-24 14:32:28,129 - INFO - Library list refreshed
2024-10-24 14:32:28,142 - INFO - Library list refreshed
2024-10-24 14:32:28,152 - INFO - Library list refreshed
2024-10-24 14:32:28,162 - INFO - Library list refreshed
2024-10-24 14:32:28,172 - INFO - Library list refreshed
2024-10-24 14:32:28,182 - INFO - Library list refreshed
2024-10-24 14:32:28,193 - INFO - Library list refreshed
2024-10-24 14:32:28,203 - INFO - Library list refreshed
2024-10-24 14:32:28,213 - INFO - Library list refreshed
2024-10-24 14:32:28,223 - INFO - Library list refreshed
2024-10-24 14:32:28,233 - INFO - Library list refreshed
2024-10-24 14:32:28,243 - INFO - Library list refreshed
2024-10-24 14:32:28,253 - INFO - Library list refreshed
2024-10-24 14:32:28,263 - INFO - Library list refreshed
2024-10-24 14:32:28,274 - INFO - Library list refreshed
2024-10-24 14:32:28,284 - INFO - Library list refreshed
2024-10-24 14:32:28,293 - INFO - Library list refreshed
2024-10-24 14:32:28,304 - INFO - Library list refreshed
2024-10-24 14:32:28,314 - INFO - Library list refreshed
2024-10-24 14:32:28,325 - INFO - Library list refreshed
2024-10-24 14:32:28,334 - INFO - Library list refreshed
2024-10-24 14:32:28,346 - INFO - Library list refreshed
2024-10-24 14:32:28,356 - INFO - Library list refreshed
2024-10-24 14:32:28,366 - INFO - Library list refreshed
2024-10-24 14:32:28,377 - INFO - Library list refreshed
2024-10-24 14:32:28,387 - INFO - Library list refreshed
2024-10-24 14:32:28,398 - INFO - Library list refreshed
2024-10-24 14:32:28,409 - INFO - Library list refreshed
2024-10-24 14:32:28,420 - INFO - Library list refreshed
2024-10-24 14:32:28,430 - INFO - Library list refreshed
2024-10-24 14:32:28,441 - INFO - Library list refreshed
2024-10-24 14:32:28,452 - INFO - Library list refreshed
2024-10-24 14:32:28,463 - INFO - Library list refreshed
2024-10-24 14:32:28,474 - INFO - Library list refreshed
2024-10-24 14:32:28,485 - INFO - Library list refreshed
2024-10-24 14:32:28,496 - INFO - Library list refreshed
2024-10-24 14:32:28,507 - INFO - Library list refreshed
2024-10-24 14:32:28,517 - INFO - Library list refreshed
2024-10-24 14:32:28,527 - INFO - Library list refreshed
2024-10-24 14:32:28,538 - INFO - Library list refreshed
2024-10-24 14:32:28,547 - INFO - Library list refreshed
2024-10-24 14:32:28,557 - INFO - Library list refreshed
2024-10-24 14:32:28,568 - INFO - Library list refreshed
2024-10-24 14:32:28,579 - INFO - Library list refreshed
2024-10-24 14:32:28,588 - INFO - Library list refreshed
2024-10-24 14:32:28,599 - INFO - Library list refreshed
2024-10-24 14:32:28,609 - INFO - Library list refreshed
2024-10-24 14:32:28,619 - INFO - Library list refreshed
2024-10-24 14:32:28,629 - INFO - Library list refreshed
2024-10-24 14:32:28,639 - INFO - Library list refreshed
2024-10-24 14:32:28,649 - INFO - Library list refreshed
2024-10-24 14:32:28,659 - INFO - Library list refreshed
2024-10-24 14:32:28,669 - INFO - Library list refreshed
2024-10-24 14:32:28,679 - INFO - Library list refreshed
2024-10-24 14:32:28,689 - INFO - Library list refreshed
2024-10-24 14:32:28,699 - INFO - Library list refreshed
2024-10-24 14:32:28,709 - INFO - Library list refreshed
2024-10-24 14:32:28,719 - INFO - Library list refreshed
2024-10-24 14:32:28,729 - INFO - Library list refreshed
2024-10-24 14:32:28,739 - INFO - Library list refreshed
2024-10-24 14:32:28,749 - INFO - Library list refreshed
2024-10-24 14:32:28,759 - INFO - Library list refreshed
2024-10-24 14:32:28,769 - INFO - Library list refreshed
2024-10-24 14:32:28,780 - INFO - Library list refreshed
2024-10-24 14:32:28,789 - INFO - Library list refreshed
2024-10-24 14:32:28,799 - INFO - Library list refreshed
2024-10-24 14:32:28,809 - INFO - Library list refreshed
2024-10-24 14:32:28,820 - INFO - Library list refreshed
2024-10-24 14:32:28,830 - INFO - Library list refreshed
2024-10-24 14:32:28,840 - INFO - Library list refreshed
2024-10-24 14:32:28,850 - INFO - Library list refreshed
2024-10-24 14:32:28,860 - INFO - Library list refreshed
2024-10-24 14:32:28,871 - INFO - Library list refreshed
2024-10-24 14:32:28,881 - INFO - Library list refreshed
2024-10-24 14:32:28,891 - INFO - Library list refreshed
2024-10-24 14:32:28,901 - INFO - Library list refreshed
2024-10-24 14:32:28,911 - INFO - Library list refreshed
2024-10-24 14:32:28,921 - INFO - Library list refreshed
2024-10-24 14:32:28,931 - INFO - Library list refreshed
2024-10-24 14:32:28,941 - INFO - Library list refreshed
2024-10-24 14:32:28,951 - INFO - Library list refreshed
2024-10-24 14:32:28,962 - INFO - Library list refreshed
2024-10-24 14:32:28,972 - INFO - Library list refreshed
2024-10-24 14:32:28,982 - INFO - Library list refreshed
2024-10-24 14:32:28,992 - INFO - Library list refreshed
2024-10-24 14:32:29,002 - INFO - Library list refreshed
2024-10-24 14:32:29,012 - INFO - Library list refreshed
2024-10-24 14:32:29,024 - INFO - Library list refreshed
2024-10-24 14:32:29,035 - INFO - Library list refreshed
2024-10-24 14:32:29,045 - INFO - Library list refreshed
2024-10-24 14:32:29,057 - INFO - Library list refreshed
2024-10-24 14:32:29,068 - INFO - Library list refreshed
2024-10-24 14:32:29,078 - INFO - Library list refreshed
2024-10-24 14:32:29,089 - INFO - Library list refreshed
2024-10-24 14:32:29,099 - INFO - Library list refreshed
2024-10-24 14:32:29,110 - INFO - Library list refreshed
2024-10-24 14:32:29,121 - INFO - Library list refreshed
2024-10-24 14:32:29,131 - INFO - Library list refreshed
2024-10-24 14:32:29,141 - INFO - Library list refreshed
2024-10-24 14:32:29,151 - INFO - Library list refreshed
2024-10-24 14:32:29,162 - INFO - Library list refreshed
2024-10-24 14:32:29,172 - INFO - Library list refreshed
2024-10-24 14:32:29,182 - INFO - Library list refreshed
2024-10-24 14:32:29,192 - INFO - Library list refreshed
2024-10-24 14:32:29,202 - INFO - Library list refreshed
2024-10-24 14:32:29,212 - INFO - Library list refreshed
2024-10-24 14:32:29,223 - INFO - Library list refreshed
2024-10-24 14:32:29,234 - INFO - Library list refreshed
2024-10-24 14:32:29,245 - INFO - Library list refreshed
2024-10-24 14:32:29,255 - INFO - Library list refreshed
2024-10-24 14:32:29,266 - INFO - Library list refreshed
2024-10-24 14:32:29,276 - INFO - Library list refreshed
2024-10-24 14:32:29,287 - INFO - Library list refreshed
2024-10-24 14:32:29,297 - INFO - Library list refreshed
2024-10-24 14:32:29,307 - INFO - Library list refreshed
2024-10-24 14:32:29,317 - INFO - Library list refreshed
2024-10-24 14:32:29,327 - INFO - Library list refreshed
2024-10-24 14:32:29,337 - INFO - Library list refreshed
2024-10-24 14:32:29,347 - INFO - Library list refreshed
2024-10-24 14:32:29,358 - INFO - Library list refreshed
2024-10-24 14:32:29,368 - INFO - Library list refreshed
2024-10-24 14:32:29,380 - INFO - Library list refreshed
2024-10-24 14:32:29,391 - INFO - Library list refreshed
2024-10-24 14:32:29,401 - INFO - Library list refreshed
2024-10-24 14:32:29,411 - INFO - Library list refreshed
2024-10-24 14:32:29,421 - INFO - Library list refreshed
2024-10-24 14:32:29,431 - INFO - Library list refreshed
2024-10-24 14:32:29,442 - INFO - Library list refreshed
2024-10-24 14:32:29,453 - INFO - Library list refreshed
2024-10-24 14:32:29,463 - INFO - Library list refreshed
2024-10-24 14:32:29,473 - INFO - Library list refreshed
2024-10-24 14:32:29,483 - INFO - Library list refreshed
2024-10-24 14:32:29,493 - INFO - Library list refreshed
2024-10-24 14:32:29,504 - INFO - Library list refreshed
2024-10-24 14:32:29,514 - INFO - Library list refreshed
2024-10-24 14:32:29,525 - INFO - Library list refreshed
2024-10-24 14:32:29,535 - INFO - Library list refreshed
2024-10-24 14:32:29,546 - INFO - Library list refreshed
2024-10-24 14:32:29,556 - INFO - Library list refreshed
2024-10-24 14:32:29,566 - INFO - Library list refreshed
2024-10-24 14:32:29,578 - INFO - Library list refreshed
2024-10-24 14:32:29,590 - INFO - Library list refreshed
2024-10-24 14:32:29,600 - INFO - Library list refreshed
2024-10-24 14:32:29,612 - INFO - Library list refreshed
2024-10-24 14:32:29,623 - INFO - Library list refreshed
2024-10-24 14:32:29,633 - INFO - Library list refreshed
2024-10-24 14:32:29,644 - INFO - Library list refreshed
2024-10-24 14:32:29,655 - INFO - Library list refreshed
2024-10-24 14:32:29,665 - INFO - Library list refreshed
2024-10-24 14:32:29,676 - INFO - Library list refreshed
2024-10-24 14:32:29,687 - INFO - Library list refreshed
2024-10-24 14:32:29,698 - INFO - Library list refreshed
2024-10-24 14:32:29,709 - INFO - Library list refreshed
2024-10-24 14:32:29,720 - INFO - Library list refreshed
2024-10-24 14:32:29,730 - INFO - Library list refreshed
2024-10-24 14:32:29,741 - INFO - Library list refreshed
2024-10-24 14:32:29,753 - INFO - Library list refreshed
2024-10-24 14:32:29,763 - INFO - Library list refreshed
2024-10-24 14:32:29,774 - INFO - Library list refreshed
2024-10-24 14:32:29,785 - INFO - Library list refreshed
2024-10-24 14:32:29,795 - INFO - Library list refreshed
2024-10-24 14:32:29,805 - INFO - Library list refreshed
2024-10-24 14:32:29,816 - INFO - Library list refreshed
2024-10-24 14:32:29,826 - INFO - Library list refreshed
2024-10-24 14:32:29,836 - INFO - Library list refreshed
2024-10-24 14:32:29,849 - INFO - Library list refreshed
2024-10-24 14:32:29,861 - INFO - Library list refreshed
2024-10-24 14:32:29,873 - INFO - Library list refreshed
2024-10-24 14:32:29,884 - INFO - Library list refreshed
2024-10-24 14:32:29,900 - INFO - Library list refreshed
2024-10-24 14:32:29,913 - INFO - Library list refreshed
2024-10-24 14:32:29,924 - INFO - Library list refreshed
2024-10-24 14:32:29,940 - INFO - Library list refreshed
2024-10-24 14:32:29,958 - INFO - Library list refreshed
2024-10-24 14:32:29,972 - INFO - Library list refreshed
2024-10-24 14:32:29,986 - INFO - Library list refreshed
2024-10-24 14:32:30,002 - INFO - Library list refreshed
2024-10-24 14:32:30,017 - INFO - Library list refreshed
2024-10-24 14:32:30,028 - INFO - Library list refreshed
2024-10-24 14:32:30,038 - INFO - Library list refreshed
2024-10-24 14:32:30,049 - INFO - Library list refreshed
2024-10-24 14:32:30,059 - INFO - Library list refreshed
2024-10-24 14:32:30,069 - INFO - Library list refreshed
2024-10-24 14:32:30,080 - INFO - Library list refreshed
2024-10-24 14:32:30,091 - INFO - Library list refreshed
2024-10-24 14:32:30,101 - INFO - Library list refreshed
2024-10-24 14:32:30,112 - INFO - Library list refreshed
2024-10-24 14:32:30,123 - INFO - Library list refreshed
2024-10-24 14:32:30,133 - INFO - Library list refreshed
2024-10-24 14:32:30,143 - INFO - Library list refreshed
2024-10-24 14:32:30,154 - INFO - Library list refreshed
2024-10-24 14:32:30,164 - INFO - Library list refreshed
2024-10-24 14:32:30,174 - INFO - Library list refreshed
2024-10-24 14:32:30,185 - INFO - Library list refreshed
2024-10-24 14:32:30,195 - INFO - Library list refreshed
2024-10-24 14:32:30,205 - INFO - Library list refreshed
2024-10-24 14:32:30,215 - INFO - Library list refreshed
2024-10-24 14:32:30,226 - INFO - Library list refreshed
2024-10-24 14:32:30,236 - INFO - Library list refreshed
2024-10-24 14:32:30,246 - INFO - Library list refreshed
2024-10-24 14:32:30,259 - INFO - Library list refreshed
2024-10-24 14:32:30,269 - INFO - Library list refreshed
2024-10-24 14:32:30,280 - INFO - Library list refreshed
2024-10-24 14:32:30,290 - INFO - Library list refreshed
2024-10-24 14:32:30,301 - INFO - Library list refreshed
2024-10-24 14:32:30,311 - INFO - Library list refreshed
2024-10-24 14:32:30,323 - INFO - Library list refreshed
2024-10-24 14:32:30,333 - INFO - Library list refreshed
2024-10-24 14:32:30,344 - INFO - Library list refreshed
2024-10-24 14:32:30,355 - INFO - Library list refreshed
2024-10-24 14:32:30,365 - INFO - Library list refreshed
2024-10-24 14:32:30,376 - INFO - Library list refreshed
2024-10-24 14:32:30,387 - INFO - Library list refreshed
2024-10-24 14:32:30,397 - INFO - Library list refreshed
2024-10-24 14:32:30,407 - INFO - Library list refreshed
2024-10-24 14:32:30,417 - INFO - Library list refreshed
2024-10-24 14:32:30,427 - INFO - Library list refreshed
2024-10-24 14:32:30,437 - INFO - Library list refreshed
2024-10-24 14:32:30,448 - INFO - Library list refreshed
2024-10-24 14:32:30,458 - INFO - Library list refreshed
2024-10-24 14:32:30,469 - INFO - Library list refreshed
2024-10-24 14:32:30,479 - INFO - Library list refreshed
2024-10-24 14:32:30,490 - INFO - Library list refreshed
2024-10-24 14:32:30,501 - INFO - Library list refreshed
2024-10-24 14:32:30,511 - INFO - Library list refreshed
2024-10-24 14:32:30,522 - INFO - Library list refreshed
2024-10-24 14:32:30,533 - INFO - Library list refreshed
2024-10-24 14:32:30,543 - INFO - Library list refreshed
2024-10-24 14:32:30,554 - INFO - Library list refreshed
2024-10-24 14:32:30,564 - INFO - Library list refreshed
2024-10-24 14:32:30,575 - INFO - Library list refreshed
2024-10-24 14:32:30,586 - INFO - Library list refreshed
2024-10-24 14:32:30,596 - INFO - Library list refreshed
2024-10-24 14:32:30,606 - INFO - Library list refreshed
2024-10-24 14:32:30,617 - INFO - Library list refreshed
2024-10-24 14:32:30,632 - INFO - Library list refreshed
2024-10-24 14:32:30,644 - INFO - Library list refreshed
2024-10-24 14:32:30,655 - INFO - Library list refreshed
2024-10-24 14:32:30,668 - INFO - Library list refreshed
2024-10-24 14:32:30,681 - INFO - Library list refreshed
2024-10-24 14:32:30,693 - INFO - Library list refreshed
2024-10-24 14:32:30,705 - INFO - Library list refreshed
2024-10-24 14:32:30,716 - INFO - Library list refreshed
2024-10-24 14:32:30,728 - INFO - Library list refreshed
2024-10-24 14:32:30,740 - INFO - Library list refreshed
2024-10-24 14:32:30,752 - INFO - Library list refreshed
2024-10-24 14:32:30,763 - INFO - Library list refreshed
2024-10-24 14:32:30,773 - INFO - Library list refreshed
2024-10-24 14:32:30,783 - INFO - Library list refreshed
2024-10-24 14:32:30,794 - INFO - Library list refreshed
2024-10-24 14:32:30,804 - INFO - Library list refreshed
2024-10-24 14:32:30,814 - INFO - Library list refreshed
2024-10-24 14:32:30,825 - INFO - Library list refreshed
2024-10-24 14:32:30,835 - INFO - Library list refreshed
2024-10-24 14:32:30,845 - INFO - Library list refreshed
2024-10-24 14:32:30,856 - INFO - Library list refreshed
2024-10-24 14:32:30,866 - INFO - Library list refreshed
2024-10-24 14:32:30,877 - INFO - Library list refreshed
2024-10-24 14:32:30,887 - INFO - Library list refreshed
2024-10-24 14:32:30,897 - INFO - Library list refreshed
2024-10-24 14:32:30,908 - INFO - Library list refreshed
2024-10-24 14:32:30,918 - INFO - Library list refreshed
2024-10-24 14:32:30,928 - INFO - Library list refreshed
2024-10-24 14:32:30,938 - INFO - Library list refreshed
2024-10-24 14:32:30,948 - INFO - Library list refreshed
2024-10-24 14:32:30,958 - INFO - Library list refreshed
2024-10-24 14:32:30,968 - INFO - Library list refreshed
2024-10-24 14:32:30,979 - INFO - Library list refreshed
2024-10-24 14:32:30,989 - INFO - Library list refreshed
2024-10-24 14:32:31,000 - INFO - Library list refreshed
2024-10-24 14:32:31,011 - INFO - Library list refreshed
2024-10-24 14:32:31,021 - INFO - Library list refreshed
2024-10-24 14:32:31,032 - INFO - Library list refreshed
2024-10-24 14:32:31,042 - INFO - Library list refreshed
2024-10-24 14:32:31,053 - INFO - Library list refreshed
2024-10-24 14:32:31,063 - INFO - Library list refreshed
2024-10-24 14:32:31,074 - INFO - Library list refreshed
2024-10-24 14:32:31,084 - INFO - Library list refreshed
2024-10-24 14:32:31,094 - INFO - Library list refreshed
2024-10-24 14:32:31,104 - INFO - Library list refreshed
2024-10-24 14:32:31,115 - INFO - Library list refreshed
2024-10-24 14:32:31,125 - INFO - Library list refreshed
2024-10-24 14:32:31,135 - INFO - Library list refreshed
2024-10-24 14:32:31,145 - INFO - Library list refreshed
2024-10-24 14:32:31,155 - INFO - Library list refreshed
2024-10-24 14:32:31,166 - INFO - Library list refreshed
2024-10-24 14:32:31,175 - INFO - Library list refreshed
2024-10-24 14:32:31,186 - INFO - Library list refreshed
2024-10-24 14:32:31,196 - INFO - Library list refreshed
2024-10-24 14:32:31,206 - INFO - Library list refreshed
2024-10-24 14:32:31,216 - INFO - Library list refreshed
2024-10-24 14:32:31,226 - INFO - Library list refreshed
2024-10-24 14:32:31,237 - INFO - Library list refreshed
2024-10-24 14:32:31,247 - INFO - Library list refreshed
2024-10-24 14:32:31,257 - INFO - Library list refreshed
2024-10-24 14:32:31,267 - INFO - Library list refreshed
2024-10-24 14:32:31,278 - INFO - Library list refreshed
2024-10-24 14:32:31,288 - INFO - Library list refreshed
2024-10-24 14:32:31,298 - INFO - Library list refreshed
2024-10-24 14:32:31,308 - INFO - Library list refreshed
2024-10-24 14:32:31,319 - INFO - Library list refreshed
2024-10-24 14:32:31,330 - INFO - Library list refreshed
2024-10-24 14:32:31,340 - INFO - Library list refreshed
2024-10-24 14:32:31,350 - INFO - Library list refreshed
2024-10-24 14:32:31,361 - INFO - Library list refreshed
2024-10-24 14:32:31,373 - INFO - Library list refreshed
2024-10-24 14:32:31,383 - INFO - Library list refreshed
2024-10-24 14:32:31,394 - INFO - Library list refreshed
2024-10-24 14:32:31,404 - INFO - Library list refreshed
2024-10-24 14:32:31,415 - INFO - Library list refreshed
2024-10-24 14:32:31,425 - INFO - Library list refreshed
2024-10-24 14:32:31,436 - INFO - Library list refreshed
2024-10-24 14:32:31,446 - INFO - Library list refreshed
2024-10-24 14:32:31,458 - INFO - Library list refreshed
2024-10-24 14:32:31,468 - INFO - Library list refreshed
2024-10-24 14:32:31,479 - INFO - Library list refreshed
2024-10-24 14:32:31,490 - INFO - Library list refreshed
2024-10-24 14:32:31,500 - INFO - Library list refreshed
2024-10-24 14:32:31,511 - INFO - Library list refreshed
2024-10-24 14:32:31,522 - INFO - Library list refreshed
2024-10-24 14:32:31,532 - INFO - Library list refreshed
2024-10-24 14:32:31,543 - INFO - Library list refreshed
2024-10-24 14:32:31,553 - INFO - Library list refreshed
2024-10-24 14:32:31,563 - INFO - Library list refreshed
2024-10-24 14:32:31,574 - INFO - Library list refreshed
2024-10-24 14:32:31,584 - INFO - Library list refreshed
2024-10-24 14:32:31,594 - INFO - Library list refreshed
2024-10-24 14:32:31,605 - INFO - Library list refreshed
2024-10-24 14:32:31,616 - INFO - Library list refreshed
2024-10-24 14:32:31,626 - INFO - Library list refreshed
2024-10-24 14:32:31,637 - INFO - Library list refreshed
2024-10-24 14:32:31,649 - INFO - Library list refreshed
2024-10-24 14:32:31,661 - INFO - Library list refreshed
2024-10-24 14:32:31,672 - INFO - Library list refreshed
2024-10-24 14:32:31,684 - INFO - Library list refreshed
2024-10-24 14:32:31,695 - INFO - Library list refreshed
2024-10-24 14:32:31,705 - INFO - Library list refreshed
2024-10-24 14:32:31,717 - INFO - Library list refreshed
2024-10-24 14:32:31,728 - INFO - Library list refreshed
2024-10-24 14:32:31,739 - INFO - Library list refreshed
2024-10-24 14:32:31,751 - INFO - Library list refreshed
2024-10-24 14:32:31,762 - INFO - Library list refreshed
2024-10-24 14:32:31,773 - INFO - Library list refreshed
2024-10-24 14:32:31,785 - INFO - Library list refreshed
2024-10-24 14:32:31,796 - INFO - Library list refreshed
2024-10-24 14:32:31,807 - INFO - Library list refreshed
2024-10-24 14:32:31,818 - INFO - Library list refreshed
2024-10-24 14:32:31,830 - INFO - Library list refreshed
2024-10-24 14:32:31,841 - INFO - Library list refreshed
2024-10-24 14:32:31,852 - INFO - Library list refreshed
2024-10-24 14:32:31,863 - INFO - Library list refreshed
2024-10-24 14:32:31,873 - INFO - Library list refreshed
2024-10-24 14:32:31,884 - INFO - Library list refreshed
2024-10-24 14:32:31,896 - INFO - Library list refreshed
2024-10-24 14:32:31,907 - INFO - Library list refreshed
2024-10-24 14:32:31,917 - INFO - Library list refreshed
2024-10-24 14:32:31,928 - INFO - Library list refreshed
2024-10-24 14:34:42,265 - INFO - Library list refreshed
2024-10-24 14:34:42,482 - INFO - Application started
2024-10-24 14:34:44,195 - INFO - Application closed
2024-10-24 14:37:06,725 - INFO - Library list refreshed
2024-10-24 14:38:55,247 - INFO - Library list refreshed
2024-10-24 14:38:55,466 - INFO - Application started
2024-10-24 14:41:36,995 - INFO - Library list refreshed
2024-10-24 14:41:37,221 - INFO - Application started
2024-10-24 14:42:41,715 - INFO - Application closed
2024-10-24 14:46:02,681 - INFO - Library list refreshed
2024-10-24 14:46:02,895 - INFO - Application started
2024-10-24 14:46:55,501 - INFO - Editing file: /Users/anonymous/Desktop/Leon-Yaakobov/Lost-X/X-Pythons/CHANGELOG.md
2024-10-24 14:47:21,387 - INFO - Application closed
2024-10-24 14:52:35,758 - INFO - Library list refreshed
2024-10-24 14:52:35,973 - INFO - Application started
2024-10-24 14:53:45,860 - INFO - Running script: /Users/anonymous/Desktop/Leon-Yaakobov/Lost-X/X-Pythons/main.py
2024-10-24 14:53:46,313 - INFO - Library list refreshed
2024-10-24 14:53:46,514 - INFO - Application started
2024-10-24 14:54:59,506 - INFO - Application closed
2024-10-24 14:55:00,583 - INFO - Application closed
2024-10-24 14:56:00,517 - INFO - Library list refreshed
2024-10-24 14:56:00,741 - INFO - Application started
2024-10-24 14:57:40,049 - INFO - Application closed
2024-10-24 15:01:03,831 - INFO - Library list refreshed
2024-10-24 15:01:37,859 - INFO - Library list refreshed
2024-10-24 15:01:37,949 - INFO - Application started
2024-10-24 15:02:57,194 - INFO - Library list refreshed
2024-10-24 15:02:57,275 - INFO - Application started
2024-10-24 15:03:09,732 - INFO - Opened project in VS Code: /Users/anonymous/Desktop/Leon-Yaakobov/Lost-X/X-Pythons
2024-10-24 15:06:04,104 - INFO - Library list refreshed
2024-10-24 15:06:04,184 - INFO - Application started
2024-10-24 15:06:32,696 - INFO - Application closed
2024-10-24 15:07:39,614 - INFO - Library list refreshed
2024-10-24 15:07:39,697 - INFO - Application started
2024-10-24 15:10:01,471 - INFO - Library list refreshed
2024-10-24 15:10:01,505 - INFO - Installed packages loaded
2024-10-24 15:10:01,552 - INFO - Application started
2024-10-24 15:12:35,302 - INFO - Library list refreshed
2024-10-24 15:12:35,360 - INFO - Loading available packages...
2024-10-24 15:12:35,446 - INFO - Application started
2024-10-24 15:12:36,835 - INFO - Found 100 packages
2024-10-24 15:12:58,070 - INFO - Installing package: jupyter==1
2024-10-24 15:13:29,352 - INFO - Library list refreshed
2024-10-24 15:13:29,428 - INFO - Loading available packages...
2024-10-24 15:13:29,536 - INFO - Application started
2024-10-24 15:13:30,802 - INFO - Found 100 packages
2024-10-24 15:15:20,759 - INFO - Library list refreshed
2024-10-24 15:15:20,823 - INFO - Loading available packages...
2024-10-24 15:15:20,911 - INFO - Application started
2024-10-24 15:15:22,311 - INFO - Found 100 packages
2024-10-24 15:16:09,855 - INFO - Current project: /Users/anonymous/Desktop/Leon-Yaakobov/Lost-X/X-Pythons/1
2024-10-24 15:16:21,373 - INFO - Current project: /Users/anonymous/Desktop/Leon-Yaakobov/Lost-X/X-Pythons/plugins
2024-10-24 15:16:37,298 - INFO - Running script: /Users/anonymous/Desktop/Leon-Yaakobov/Lost-X/X-Pythons/main.py
2024-10-24 15:16:38,136 - INFO - Library list refreshed
2024-10-24 15:16:38,195 - INFO - Loading available packages...
2024-10-24 15:16:38,288 - INFO - Application started
2024-10-24 15:16:39,744 - INFO - Found 100 packages
2024-10-24 15:16:40,218 - INFO - Application closed
2024-10-24 15:16:49,199 - INFO - Editing file: /Users/anonymous/Desktop/Leon-Yaakobov/Lost-X/X-Pythons/main.py
2024-10-24 15:19:58,167 - INFO - Library list refreshed
2024-10-24 15:19:58,224 - INFO - Loading available packages...
2024-10-24 15:19:58,309 - INFO - Application started
2024-10-24 15:20:00,047 - INFO - Found 100 packages
2024-10-24 15:20:05,774 - INFO - Loaded file: /Users/anonymous/Desktop/Leon-Yaakobov/Lost-X/X-Pythons/debugger.py
2024-10-24 15:20:05,780 - INFO - Opened file: /Users/anonymous/Desktop/Leon-Yaakobov/Lost-X/X-Pythons/debugger.py
2024-10-24 15:20:25,296 - INFO - Code executed
2024-10-24 15:20:39,122 - INFO - Code executed
2024-10-24 15:20:39,979 - INFO - Code executed
2024-10-24 15:20:40,347 - INFO - Code executed
2024-10-24 15:20:48,702 - INFO - Running script: /Users/anonymous/Desktop/Leon-Yaakobov/Lost-X/X-Pythons/main.py
2024-10-24 15:20:49,485 - INFO - Library list refreshed
2024-10-24 15:20:49,542 - INFO - Loading available packages...
2024-10-24 15:20:49,629 - INFO - Application started
2024-10-24 15:20:50,935 - INFO - Found 100 packages
2024-10-24 15:20:55,299 - INFO - Application closed
2024-10-24 15:21:10,303 - INFO - Application closed
2024-10-24 15:36:31,323 - INFO - Library list refreshed
2024-10-24 15:36:31,447 - INFO - Loading available packages...
2024-10-24 15:36:31,616 - INFO - Application started
2024-10-24 15:36:32,962 - INFO - Found 100 packages
2024-10-24 15:37:11,792 - INFO - Application closed
2024-10-24 15:44:21,897 - INFO - Library list refreshed
2024-10-24 15:44:21,934 - INFO - Loading available packages...
2024-10-24 15:44:21,987 - INFO - Application started
2024-10-24 15:44:23,139 - INFO - Found 100 packages
2024-10-24 15:44:38,581 - INFO - Application closed
2024-10-24 15:47:05,068 - INFO - Library list refreshed
2024-10-24 15:47:05,100 - INFO - Loading available packages...
2024-10-24 15:47:05,151 - INFO - Application started
2024-10-24 15:47:06,257 - INFO - Found 100 packages
2024-10-24 15:47:24,288 - INFO - Application closed
2024-10-24 15:49:35,809 - INFO - Library list refreshed
2024-10-24 15:52:02,588 - INFO - Library list refreshed
2024-10-24 15:52:02,681 - INFO - Application started
2024-10-24 15:52:18,885 - INFO - Found 1 packages matching your search
2024-10-24 15:52:19,244 - INFO - Found 1 packages matching your search
2024-10-24 15:52:19,594 - INFO - Found 1 packages matching your search
2024-10-24 15:53:52,500 - INFO - Library list refreshed
2024-10-24 15:53:52,594 - INFO - Application started
2024-10-24 15:53:58,214 - INFO - Found 2 packages matching your search
2024-10-24 15:53:59,365 - INFO - Found 100 packages matching your search
2024-10-24 15:54:21,732 - INFO - Found 1 packages matching your search
2024-10-24 15:54:31,863 - INFO - Found 100 packages matching your search
2024-10-24 15:54:52,767 - INFO - Installing 1 packages...
2024-10-24 15:55:07,241 - INFO - Successfully installed Scikit-learn
2024-10-24 15:55:45,852 - INFO - Installing 10 packages...
2024-10-24 15:55:46,780 - INFO - Successfully installed Scikit-learn
2024-10-24 15:56:11,091 - INFO - Failed to install TensorFlow
2024-10-24 15:56:15,095 - INFO - Failed to install PyTorch
2024-10-24 15:56:15,943 - INFO - Successfully installed Scikit-learn
2024-10-24 15:56:16,839 - INFO - Successfully installed Requests
2024-10-24 15:56:17,339 - INFO - Failed to install Beautiful Soup
2024-10-24 15:56:18,179 - INFO - Successfully installed Pillow
2024-10-24 15:56:19,047 - INFO - Successfully installed PyYAML
2024-10-24 15:56:19,886 - INFO - Successfully installed SQLAlchemy
2024-10-24 15:56:33,211 - INFO - Successfully installed Scrapy
2024-10-24 15:56:54,859 - INFO - Library list refreshed
2024-10-24 15:58:26,011 - INFO - Application closed
2024-10-24 15:58:56,020 - INFO - Library list refreshed
2024-10-24 15:58:56,114 - INFO - Application started
2024-10-24 16:07:49,832 - INFO - Application closed
2024-10-24 16:08:59,032 - INFO - Library list refreshed
2024-10-24 16:08:59,114 - INFO - Application started
2024-10-24 16:09:24,042 - INFO - Active venv: MiAta
2024-10-24 16:09:57,497 - INFO - Installing 1 packages...
2024-10-24 16:11:10,062 - INFO - Library list refreshed
2024-10-24 16:11:10,146 - INFO - Application started
2024-10-24 16:11:23,762 - INFO - Active venv: MiAta
2024-10-24 16:11:29,580 - INFO - Installing 1 packages...
2024-10-24 16:11:34,600 - INFO - Successfully installed Django
2024-10-24 16:11:52,789 - INFO - Application closed
2024-10-24 16:13:58,129 - INFO - Library list refreshed
2024-10-24 16:13:58,217 - INFO - Application started
2024-10-24 16:14:15,702 - INFO - Application closed
2024-10-24 16:15:00,950 - INFO - Library list refreshed
2024-10-24 16:15:01,028 - INFO - Application started
2024-10-24 16:15:52,940 - INFO - Installing 1 packages...
2024-10-24 16:15:53,921 - INFO - Successfully installed Django
2024-10-24 16:16:37,843 - INFO - Application closed
2024-10-24 16:20:26,705 - INFO - Library list refreshed
2024-10-24 16:20:26,790 - INFO - Application started
2024-10-24 16:21:16,956 - INFO - Installing 1 packages...
2024-10-24 16:21:17,885 - INFO - Successfully installed Django
2024-10-24 16:21:33,602 - INFO - Installing 4 packages...
2024-10-24 16:21:34,517 - INFO - Successfully installed Django
2024-10-24 16:21:35,462 - INFO - Successfully installed Flask
2024-10-24 16:21:38,604 - INFO - Successfully installed FastAPI
2024-10-24 16:21:43,696 - INFO - Successfully installed Pyramid
2024-10-24 16:21:52,417 - INFO - Application closed
2024-10-24 16:25:05,888 - INFO - Library list refreshed
2024-10-24 16:25:05,969 - INFO - Application started
2024-10-24 16:25:23,440 - INFO - Installing 1 packages...
2024-10-24 16:25:23,448 - INFO - Error installing Django
2024-10-24 16:25:31,505 - INFO - Application closed
2024-10-24 16:28:02,852 - INFO - Library list refreshed
2024-10-24 16:28:02,945 - INFO - Application started
2024-10-24 16:28:12,841 - INFO - Installing 1 packages...
2024-10-24 16:28:19,173 - INFO - Successfully installed Django
2024-10-24 16:28:40,589 - INFO - Application closed
2024-10-24 16:33:17,665 - INFO - Library list refreshed
2024-10-24 16:33:17,758 - INFO - Application started
2024-10-24 16:33:44,319 - INFO - Library list refreshed
2024-10-24 16:34:18,404 - INFO - Installing 3 packages...
2024-10-24 16:34:21,775 - INFO - Successfully installed Flask
2024-10-24 16:34:26,899 - INFO - Successfully installed FastAPI
2024-10-24 16:35:17,964 - INFO - Successfully installed TensorFlow
2024-10-24 16:35:31,326 - INFO - Library list refreshed
2024-10-24 16:36:16,712 - INFO - Application closed
2024-10-24 16:40:26,459 - INFO - Library list refreshed
2024-10-24 16:40:26,558 - INFO - Application started
2024-10-24 16:40:28,759 - INFO - Application closed
2024-10-24 16:43:14,461 - INFO - Library list refreshed
2024-10-24 16:43:14,601 - INFO - Application started
2024-10-24 16:43:27,313 - INFO - Application closed
2024-10-24 16:45:30,000 - INFO - Library list refreshed
2024-10-24 16:45:30,095 - INFO - Application started
2024-10-24 16:46:05,458 - INFO - Application closed
2024-10-24 16:52:45,169 - INFO - Library list refreshed
2024-10-24 16:52:45,264 - INFO - Application started
2024-10-24 16:53:32,690 - INFO - Application closed
2024-10-24 16:58:25,440 - INFO - Library list refreshed
2024-10-24 16:58:25,536 - INFO - Application started
2024-10-24 16:58:57,953 - INFO - Application closed
2024-10-24 17:02:27,932 - INFO - Library list refreshed
2024-10-24 17:02:28,022 - INFO - Application started
2024-10-24 17:03:24,627 - INFO - Application closed
2024-10-24 17:07:16,540 - INFO - Library list refreshed
2024-10-24 17:07:16,639 - INFO - Application started
2024-10-24 17:07:54,994 - INFO - Library list refreshed
2024-10-24 17:07:55,106 - INFO - Application started
2024-10-24 17:12:22,901 - INFO - Library list refreshed
2024-10-24 17:12:23,011 - INFO - Application started
2024-10-24 17:15:02,494 - INFO - Application closed
2024-10-24 17:16:25,602 - INFO - Library list refreshed
2024-10-24 17:16:25,692 - INFO - Application started
2024-10-24 17:16:52,407 - INFO - Application closed
2024-10-24 17:18:33,265 - INFO - Library list refreshed
2024-10-24 17:18:33,351 - INFO - Application started
2024-10-24 17:19:01,317 - INFO - Application closed
2024-10-24 17:21:14,468 - INFO - Library list refreshed
2024-10-24 17:21:14,609 - INFO - Application started
2024-10-24 17:22:47,956 - INFO - Library list refreshed
2024-10-24 17:22:48,050 - INFO - Application started
2024-10-24 17:23:11,264 - INFO - Application closed
